<?xml version="1.0" encoding="UTF-8"?>
<coverage generated="1770026649949" clover="3.2.0">
  <project timestamp="1770026649949" name="All files">
    <metrics statements="140" coveredstatements="121" conditionals="57" coveredconditionals="46" methods="32" coveredmethods="28" elements="229" coveredelements="195" complexity="0" loc="140" ncloc="140" packages="1" files="2" classes="2"/>
    <file name=".eslintrc.js" path="C:\Users\Shreyash Dhanawade\Downloads\Inventory Management\.eslintrc.js">
      <metrics statements="1" coveredstatements="0" conditionals="0" coveredconditionals="0" methods="0" coveredmethods="0"/>
      <line num="1" count="0" type="stmt"/>
    </file>
    <file name="app.js" path="C:\Users\Shreyash Dhanawade\Downloads\Inventory Management\app.js">
      <metrics statements="139" coveredstatements="121" conditionals="57" coveredconditionals="46" methods="32" coveredmethods="28"/>
      <line num="1" count="2" type="stmt"/>
      <line num="2" count="2" type="stmt"/>
      <line num="3" count="2" type="stmt"/>
      <line num="4" count="2" type="stmt"/>
      <line num="5" count="2" type="stmt"/>
      <line num="6" count="2" type="stmt"/>
      <line num="8" count="2" type="stmt"/>
      <line num="9" count="2" type="cond" truecount="2" falsecount="0"/>
      <line num="12" count="2" type="stmt"/>
      <line num="13" count="2" type="stmt"/>
      <line num="15" count="2" type="stmt"/>
      <line num="22" count="2" type="stmt"/>
      <line num="30" count="2" type="stmt"/>
      <line num="31" count="2" type="stmt"/>
      <line num="32" count="2" type="stmt"/>
      <line num="35" count="2" type="stmt"/>
      <line num="39" count="2" type="stmt"/>
      <line num="42" count="2" type="stmt"/>
      <line num="43" count="48" type="stmt"/>
      <line num="45" count="48" type="stmt"/>
      <line num="46" count="48" type="stmt"/>
      <line num="47" count="48" type="cond" truecount="2" falsecount="0"/>
      <line num="48" count="48" type="cond" truecount="2" falsecount="0"/>
      <line num="50" count="48" type="stmt"/>
      <line num="53" count="48" type="stmt"/>
      <line num="57" count="2" type="stmt"/>
      <line num="90" count="2" type="stmt"/>
      <line num="93" count="2" type="stmt"/>
      <line num="94" count="1" type="stmt"/>
      <line num="103" count="2" type="stmt"/>
      <line num="105" count="1" type="cond" truecount="1" falsecount="1"/>
      <line num="106" count="1" type="stmt"/>
      <line num="108" count="0" type="stmt"/>
      <line num="113" count="2" type="stmt"/>
      <line num="114" count="1" type="stmt"/>
      <line num="115" count="1" type="stmt"/>
      <line num="121" count="2" type="stmt"/>
      <line num="122" count="8" type="stmt"/>
      <line num="123" count="8" type="cond" truecount="2" falsecount="0"/>
      <line num="125" count="8" type="stmt"/>
      <line num="128" count="8" type="cond" truecount="2" falsecount="0"/>
      <line num="129" count="2" type="stmt"/>
      <line num="130" count="6" type="stmt"/>
      <line num="134" count="8" type="cond" truecount="2" falsecount="0"/>
      <line num="135" count="3" type="stmt"/>
      <line num="138" count="8" type="cond" truecount="2" falsecount="0"/>
      <line num="139" count="2" type="stmt"/>
      <line num="142" count="8" type="cond" truecount="2" falsecount="0"/>
      <line num="143" count="3" type="stmt"/>
      <line num="147" count="8" type="stmt"/>
      <line num="148" count="8" type="stmt"/>
      <line num="149" count="8" type="stmt"/>
      <line num="151" count="8" type="stmt"/>
      <line num="162" count="0" type="stmt"/>
      <line num="167" count="2" type="stmt"/>
      <line num="170" count="9" type="stmt"/>
      <line num="171" count="9" type="cond" truecount="2" falsecount="0"/>
      <line num="172" count="1" type="stmt"/>
      <line num="175" count="27" type="stmt"/>
      <line num="177" count="8" type="cond" truecount="2" falsecount="0"/>
      <line num="178" count="3" type="stmt"/>
      <line num="184" count="5" type="stmt"/>
      <line num="188" count="2" type="stmt"/>
      <line num="196" count="9" type="stmt"/>
      <line num="197" count="9" type="cond" truecount="2" falsecount="0"/>
      <line num="198" count="3" type="stmt"/>
      <line num="202" count="15" type="stmt"/>
      <line num="203" count="6" type="cond" truecount="2" falsecount="0"/>
      <line num="204" count="2" type="stmt"/>
      <line num="210" count="4" type="stmt"/>
      <line num="221" count="4" type="stmt"/>
      <line num="223" count="4" type="stmt"/>
      <line num="231" count="2" type="stmt"/>
      <line num="239" count="3" type="stmt"/>
      <line num="240" count="3" type="cond" truecount="1" falsecount="1"/>
      <line num="241" count="0" type="stmt"/>
      <line num="244" count="9" type="stmt"/>
      <line num="246" count="3" type="cond" truecount="2" falsecount="0"/>
      <line num="247" count="1" type="stmt"/>
      <line num="254" count="2" type="stmt"/>
      <line num="262" count="2" type="stmt"/>
      <line num="264" count="2" type="stmt"/>
      <line num="272" count="2" type="stmt"/>
      <line num="277" count="9" type="stmt"/>
      <line num="278" count="9" type="cond" truecount="2" falsecount="0"/>
      <line num="279" count="1" type="stmt"/>
      <line num="282" count="24" type="stmt"/>
      <line num="284" count="8" type="cond" truecount="1" falsecount="1"/>
      <line num="285" count="0" type="stmt"/>
      <line num="291" count="8" type="stmt"/>
      <line num="293" count="8" type="cond" truecount="3" falsecount="0"/>
      <line num="295" count="3" type="stmt"/>
      <line num="296" count="3" type="stmt"/>
      <line num="298" count="3" type="cond" truecount="2" falsecount="0"/>
      <line num="299" count="1" type="stmt"/>
      <line num="304" count="2" type="stmt"/>
      <line num="305" count="2" type="stmt"/>
      <line num="307" count="2" type="cond" truecount="1" falsecount="1"/>
      <line num="308" count="0" type="stmt"/>
      <line num="313" count="2" type="stmt"/>
      <line num="314" count="2" type="stmt"/>
      <line num="317" count="7" type="stmt"/>
      <line num="319" count="7" type="stmt"/>
      <line num="327" count="2" type="stmt"/>
      <line num="330" count="4" type="stmt"/>
      <line num="331" count="4" type="cond" truecount="1" falsecount="1"/>
      <line num="332" count="0" type="stmt"/>
      <line num="335" count="17" type="stmt"/>
      <line num="337" count="4" type="cond" truecount="2" falsecount="0"/>
      <line num="338" count="1" type="stmt"/>
      <line num="344" count="3" type="stmt"/>
      <line num="346" count="3" type="stmt"/>
      <line num="354" count="2" type="stmt"/>
      <line num="355" count="2" type="stmt"/>
      <line num="357" count="7" type="stmt"/>
      <line num="358" count="7" type="stmt"/>
      <line num="359" count="7" type="stmt"/>
      <line num="360" count="7" type="stmt"/>
      <line num="361" count="7" type="stmt"/>
      <line num="363" count="7" type="cond" truecount="2" falsecount="0"/>
      <line num="364" count="7" type="stmt"/>
      <line num="368" count="2" type="stmt"/>
      <line num="372" count="2" type="stmt"/>
      <line num="373" count="1" type="stmt"/>
      <line num="380" count="2" type="stmt"/>
      <line num="381" count="0" type="stmt"/>
      <line num="382" count="0" type="stmt"/>
      <line num="390" count="2" type="cond" truecount="1" falsecount="1"/>
      <line num="391" count="0" type="stmt"/>
      <line num="392" count="0" type="stmt"/>
      <line num="393" count="0" type="stmt"/>
      <line num="394" count="0" type="stmt"/>
      <line num="395" count="0" type="cond" truecount="0" falsecount="2"/>
      <line num="399" count="0" type="stmt"/>
      <line num="400" count="0" type="stmt"/>
      <line num="401" count="0" type="stmt"/>
      <line num="402" count="0" type="stmt"/>
      <line num="403" count="0" type="stmt"/>
      <line num="408" count="2" type="stmt"/>
    </file>
  </project>
</coverage>
