{"C:\\Users\\Shreyash Dhanawade\\Downloads\\Inventory Management\\.eslintrc.js": {"path":"C:\\Users\\Shreyash Dhanawade\\Downloads\\Inventory Management\\.eslintrc.js","statementMap":{"0":{"start":{"line":1,"column":0},"end":{"line":28,"column":2}}},"fnMap":{},"branchMap":{},"s":{"0":0},"f":{},"b":{}}
,"C:\\Users\\Shreyash Dhanawade\\Downloads\\Inventory Management\\app.js": {"path":"C:\\Users\\Shreyash Dhanawade\\Downloads\\Inventory Management\\app.js","statementMap":{"0":{"start":{"line":1,"column":16},"end":{"line":1,"column":34}},"1":{"start":{"line":2,"column":15},"end":{"line":2,"column":32}},"2":{"start":{"line":3,"column":18},"end":{"line":3,"column":47}},"3":{"start":{"line":4,"column":13},"end":{"line":4,"column":28}},"4":{"start":{"line":5,"column":42},"end":{"line":5,"column":70}},"5":{"start":{"line":6,"column":19},"end":{"line":6,"column":41}},"6":{"start":{"line":8,"column":12},"end":{"line":8,"column":21}},"7":{"start":{"line":9,"column":13},"end":{"line":9,"column":37}},"8":{"start":{"line":12,"column":17},"end":{"line":12,"column":42}},"9":{"start":{"line":13,"column":0},"end":{"line":13,"column":47}},"10":{"start":{"line":15,"column":28},"end":{"line":20,"column":2}},"11":{"start":{"line":22,"column":25},"end":{"line":27,"column":2}},"12":{"start":{"line":30,"column":0},"end":{"line":30,"column":18}},"13":{"start":{"line":31,"column":0},"end":{"line":31,"column":16}},"14":{"start":{"line":32,"column":0},"end":{"line":32,"column":24}},"15":{"start":{"line":35,"column":16},"end":{"line":38,"column":2}},"16":{"start":{"line":39,"column":0},"end":{"line":39,"column":26}},"17":{"start":{"line":42,"column":0},"end":{"line":54,"column":3}},"18":{"start":{"line":43,"column":16},"end":{"line":43,"column":26}},"19":{"start":{"line":45,"column":2},"end":{"line":51,"column":5}},"20":{"start":{"line":46,"column":21},"end":{"line":46,"column":48}},"21":{"start":{"line":47,"column":4},"end":{"line":47,"column":106}},"22":{"start":{"line":48,"column":4},"end":{"line":48,"column":91}},"23":{"start":{"line":50,"column":4},"end":{"line":50,"column":110}},"24":{"start":{"line":53,"column":2},"end":{"line":53,"column":9}},"25":{"start":{"line":57,"column":15},"end":{"line":88,"column":1}},"26":{"start":{"line":90,"column":13},"end":{"line":90,"column":14}},"27":{"start":{"line":93,"column":0},"end":{"line":100,"column":3}},"28":{"start":{"line":94,"column":2},"end":{"line":99,"column":5}},"29":{"start":{"line":103,"column":0},"end":{"line":110,"column":3}},"30":{"start":{"line":105,"column":2},"end":{"line":109,"column":3}},"31":{"start":{"line":106,"column":4},"end":{"line":106,"column":46}},"32":{"start":{"line":108,"column":4},"end":{"line":108,"column":50}},"33":{"start":{"line":113,"column":0},"end":{"line":116,"column":3}},"34":{"start":{"line":114,"column":2},"end":{"line":114,"column":48}},"35":{"start":{"line":115,"column":2},"end":{"line":115,"column":36}},"36":{"start":{"line":121,"column":0},"end":{"line":164,"column":3}},"37":{"start":{"line":122,"column":2},"end":{"line":163,"column":3}},"38":{"start":{"line":123,"column":76},"end":{"line":123,"column":85}},"39":{"start":{"line":125,"column":27},"end":{"line":125,"column":40}},"40":{"start":{"line":128,"column":4},"end":{"line":132,"column":5}},"41":{"start":{"line":129,"column":6},"end":{"line":131,"column":8}},"42":{"start":{"line":130,"column":8},"end":{"line":130,"column":59}},"43":{"start":{"line":134,"column":4},"end":{"line":136,"column":5}},"44":{"start":{"line":135,"column":6},"end":{"line":135,"column":87}},"45":{"start":{"line":135,"column":54},"end":{"line":135,"column":85}},"46":{"start":{"line":138,"column":4},"end":{"line":140,"column":5}},"47":{"start":{"line":139,"column":6},"end":{"line":139,"column":87}},"48":{"start":{"line":139,"column":54},"end":{"line":139,"column":85}},"49":{"start":{"line":142,"column":4},"end":{"line":144,"column":5}},"50":{"start":{"line":143,"column":6},"end":{"line":143,"column":67}},"51":{"start":{"line":143,"column":54},"end":{"line":143,"column":65}},"52":{"start":{"line":147,"column":23},"end":{"line":147,"column":61}},"53":{"start":{"line":148,"column":21},"end":{"line":148,"column":49}},"54":{"start":{"line":149,"column":30},"end":{"line":149,"column":74}},"55":{"start":{"line":151,"column":4},"end":{"line":160,"column":7}},"56":{"start":{"line":162,"column":4},"end":{"line":162,"column":67}},"57":{"start":{"line":167,"column":0},"end":{"line":185,"column":3}},"58":{"start":{"line":170,"column":17},"end":{"line":170,"column":38}},"59":{"start":{"line":171,"column":2},"end":{"line":173,"column":3}},"60":{"start":{"line":172,"column":4},"end":{"line":172,"column":76}},"61":{"start":{"line":175,"column":18},"end":{"line":175,"column":70}},"62":{"start":{"line":175,"column":37},"end":{"line":175,"column":69}},"63":{"start":{"line":177,"column":2},"end":{"line":182,"column":3}},"64":{"start":{"line":178,"column":4},"end":{"line":181,"column":7}},"65":{"start":{"line":184,"column":2},"end":{"line":184,"column":45}},"66":{"start":{"line":188,"column":0},"end":{"line":228,"column":3}},"67":{"start":{"line":196,"column":17},"end":{"line":196,"column":38}},"68":{"start":{"line":197,"column":2},"end":{"line":199,"column":3}},"69":{"start":{"line":198,"column":4},"end":{"line":198,"column":76}},"70":{"start":{"line":202,"column":23},"end":{"line":202,"column":65}},"71":{"start":{"line":202,"column":42},"end":{"line":202,"column":64}},"72":{"start":{"line":203,"column":2},"end":{"line":208,"column":3}},"73":{"start":{"line":204,"column":4},"end":{"line":207,"column":7}},"74":{"start":{"line":210,"column":21},"end":{"line":219,"column":3}},"75":{"start":{"line":221,"column":2},"end":{"line":221,"column":28}},"76":{"start":{"line":223,"column":2},"end":{"line":227,"column":5}},"77":{"start":{"line":231,"column":0},"end":{"line":269,"column":3}},"78":{"start":{"line":239,"column":17},"end":{"line":239,"column":38}},"79":{"start":{"line":240,"column":2},"end":{"line":242,"column":3}},"80":{"start":{"line":241,"column":4},"end":{"line":241,"column":76}},"81":{"start":{"line":244,"column":23},"end":{"line":244,"column":80}},"82":{"start":{"line":244,"column":47},"end":{"line":244,"column":79}},"83":{"start":{"line":246,"column":2},"end":{"line":251,"column":3}},"84":{"start":{"line":247,"column":4},"end":{"line":250,"column":7}},"85":{"start":{"line":254,"column":25},"end":{"line":260,"column":3}},"86":{"start":{"line":262,"column":2},"end":{"line":262,"column":42}},"87":{"start":{"line":264,"column":2},"end":{"line":268,"column":5}},"88":{"start":{"line":272,"column":0},"end":{"line":324,"column":3}},"89":{"start":{"line":277,"column":17},"end":{"line":277,"column":38}},"90":{"start":{"line":278,"column":2},"end":{"line":280,"column":3}},"91":{"start":{"line":279,"column":4},"end":{"line":279,"column":76}},"92":{"start":{"line":282,"column":18},"end":{"line":282,"column":70}},"93":{"start":{"line":282,"column":37},"end":{"line":282,"column":69}},"94":{"start":{"line":284,"column":2},"end":{"line":289,"column":3}},"95":{"start":{"line":285,"column":4},"end":{"line":288,"column":7}},"96":{"start":{"line":291,"column":34},"end":{"line":291,"column":42}},"97":{"start":{"line":293,"column":2},"end":{"line":315,"column":3}},"98":{"start":{"line":295,"column":6},"end":{"line":295,"column":32}},"99":{"start":{"line":296,"column":6},"end":{"line":296,"column":12}},"100":{"start":{"line":298,"column":6},"end":{"line":303,"column":7}},"101":{"start":{"line":299,"column":8},"end":{"line":302,"column":11}},"102":{"start":{"line":304,"column":6},"end":{"line":304,"column":32}},"103":{"start":{"line":305,"column":6},"end":{"line":305,"column":12}},"104":{"start":{"line":307,"column":6},"end":{"line":312,"column":7}},"105":{"start":{"line":308,"column":8},"end":{"line":311,"column":11}},"106":{"start":{"line":313,"column":6},"end":{"line":313,"column":31}},"107":{"start":{"line":314,"column":6},"end":{"line":314,"column":12}},"108":{"start":{"line":317,"column":2},"end":{"line":317,"column":47}},"109":{"start":{"line":319,"column":2},"end":{"line":323,"column":5}},"110":{"start":{"line":327,"column":0},"end":{"line":351,"column":3}},"111":{"start":{"line":330,"column":17},"end":{"line":330,"column":38}},"112":{"start":{"line":331,"column":2},"end":{"line":333,"column":3}},"113":{"start":{"line":332,"column":4},"end":{"line":332,"column":76}},"114":{"start":{"line":335,"column":23},"end":{"line":335,"column":80}},"115":{"start":{"line":335,"column":47},"end":{"line":335,"column":79}},"116":{"start":{"line":337,"column":2},"end":{"line":342,"column":3}},"117":{"start":{"line":338,"column":4},"end":{"line":341,"column":7}},"118":{"start":{"line":344,"column":25},"end":{"line":344,"column":60}},"119":{"start":{"line":346,"column":2},"end":{"line":350,"column":5}},"120":{"start":{"line":354,"column":0},"end":{"line":369,"column":3}},"121":{"start":{"line":355,"column":16},"end":{"line":366,"column":3}},"122":{"start":{"line":357,"column":44},"end":{"line":357,"column":69}},"123":{"start":{"line":358,"column":44},"end":{"line":358,"column":57}},"124":{"start":{"line":359,"column":46},"end":{"line":359,"column":56}},"125":{"start":{"line":360,"column":35},"end":{"line":360,"column":47}},"126":{"start":{"line":361,"column":37},"end":{"line":361,"column":50}},"127":{"start":{"line":363,"column":6},"end":{"line":363,"column":51}},"128":{"start":{"line":364,"column":6},"end":{"line":364,"column":17}},"129":{"start":{"line":368,"column":2},"end":{"line":368,"column":43}},"130":{"start":{"line":372,"column":0},"end":{"line":377,"column":3}},"131":{"start":{"line":373,"column":2},"end":{"line":376,"column":5}},"132":{"start":{"line":380,"column":0},"end":{"line":387,"column":3}},"133":{"start":{"line":381,"column":2},"end":{"line":381,"column":31}},"134":{"start":{"line":382,"column":2},"end":{"line":386,"column":5}},"135":{"start":{"line":390,"column":0},"end":{"line":406,"column":1}},"136":{"start":{"line":391,"column":17},"end":{"line":396,"column":4}},"137":{"start":{"line":392,"column":4},"end":{"line":392,"column":71}},"138":{"start":{"line":393,"column":4},"end":{"line":393,"column":76}},"139":{"start":{"line":394,"column":4},"end":{"line":394,"column":70}},"140":{"start":{"line":395,"column":4},"end":{"line":395,"column":73}},"141":{"start":{"line":399,"column":2},"end":{"line":405,"column":5}},"142":{"start":{"line":400,"column":4},"end":{"line":400,"column":66}},"143":{"start":{"line":401,"column":4},"end":{"line":404,"column":7}},"144":{"start":{"line":402,"column":6},"end":{"line":402,"column":35}},"145":{"start":{"line":403,"column":6},"end":{"line":403,"column":22}},"146":{"start":{"line":408,"column":0},"end":{"line":408,"column":21}}},"fnMap":{"0":{"name":"(anonymous_0)","decl":{"start":{"line":42,"column":8},"end":{"line":42,"column":9}},"loc":{"start":{"line":42,"column":28},"end":{"line":54,"column":1}},"line":42},"1":{"name":"(anonymous_1)","decl":{"start":{"line":45,"column":19},"end":{"line":45,"column":20}},"loc":{"start":{"line":45,"column":25},"end":{"line":51,"column":3}},"line":45},"2":{"name":"(anonymous_2)","decl":{"start":{"line":93,"column":19},"end":{"line":93,"column":20}},"loc":{"start":{"line":93,"column":33},"end":{"line":100,"column":1}},"line":93},"3":{"name":"(anonymous_3)","decl":{"start":{"line":103,"column":18},"end":{"line":103,"column":19}},"loc":{"start":{"line":103,"column":32},"end":{"line":110,"column":1}},"line":103},"4":{"name":"(anonymous_4)","decl":{"start":{"line":113,"column":20},"end":{"line":113,"column":21}},"loc":{"start":{"line":113,"column":40},"end":{"line":116,"column":1}},"line":113},"5":{"name":"(anonymous_5)","decl":{"start":{"line":121,"column":25},"end":{"line":121,"column":26}},"loc":{"start":{"line":121,"column":39},"end":{"line":164,"column":1}},"line":121},"6":{"name":"(anonymous_6)","decl":{"start":{"line":129,"column":49},"end":{"line":129,"column":50}},"loc":{"start":{"line":130,"column":8},"end":{"line":130,"column":59}},"line":130},"7":{"name":"(anonymous_7)","decl":{"start":{"line":135,"column":49},"end":{"line":135,"column":50}},"loc":{"start":{"line":135,"column":54},"end":{"line":135,"column":85}},"line":135},"8":{"name":"(anonymous_8)","decl":{"start":{"line":139,"column":49},"end":{"line":139,"column":50}},"loc":{"start":{"line":139,"column":54},"end":{"line":139,"column":85}},"line":139},"9":{"name":"(anonymous_9)","decl":{"start":{"line":143,"column":49},"end":{"line":143,"column":50}},"loc":{"start":{"line":143,"column":54},"end":{"line":143,"column":65}},"line":143},"10":{"name":"(anonymous_10)","decl":{"start":{"line":169,"column":3},"end":{"line":169,"column":4}},"loc":{"start":{"line":169,"column":17},"end":{"line":185,"column":1}},"line":169},"11":{"name":"(anonymous_11)","decl":{"start":{"line":175,"column":32},"end":{"line":175,"column":33}},"loc":{"start":{"line":175,"column":37},"end":{"line":175,"column":69}},"line":175},"12":{"name":"(anonymous_12)","decl":{"start":{"line":195,"column":3},"end":{"line":195,"column":4}},"loc":{"start":{"line":195,"column":17},"end":{"line":228,"column":1}},"line":195},"13":{"name":"(anonymous_13)","decl":{"start":{"line":202,"column":37},"end":{"line":202,"column":38}},"loc":{"start":{"line":202,"column":42},"end":{"line":202,"column":64}},"line":202},"14":{"name":"(anonymous_14)","decl":{"start":{"line":238,"column":3},"end":{"line":238,"column":4}},"loc":{"start":{"line":238,"column":17},"end":{"line":269,"column":1}},"line":238},"15":{"name":"(anonymous_15)","decl":{"start":{"line":244,"column":42},"end":{"line":244,"column":43}},"loc":{"start":{"line":244,"column":47},"end":{"line":244,"column":79}},"line":244},"16":{"name":"(anonymous_16)","decl":{"start":{"line":276,"column":3},"end":{"line":276,"column":4}},"loc":{"start":{"line":276,"column":17},"end":{"line":324,"column":1}},"line":276},"17":{"name":"(anonymous_17)","decl":{"start":{"line":282,"column":32},"end":{"line":282,"column":33}},"loc":{"start":{"line":282,"column":37},"end":{"line":282,"column":69}},"line":282},"18":{"name":"(anonymous_18)","decl":{"start":{"line":329,"column":3},"end":{"line":329,"column":4}},"loc":{"start":{"line":329,"column":17},"end":{"line":351,"column":1}},"line":329},"19":{"name":"(anonymous_19)","decl":{"start":{"line":335,"column":42},"end":{"line":335,"column":43}},"loc":{"start":{"line":335,"column":47},"end":{"line":335,"column":79}},"line":335},"20":{"name":"(anonymous_20)","decl":{"start":{"line":354,"column":22},"end":{"line":354,"column":23}},"loc":{"start":{"line":354,"column":36},"end":{"line":369,"column":1}},"line":354},"21":{"name":"(anonymous_21)","decl":{"start":{"line":357,"column":32},"end":{"line":357,"column":33}},"loc":{"start":{"line":357,"column":44},"end":{"line":357,"column":69}},"line":357},"22":{"name":"(anonymous_22)","decl":{"start":{"line":358,"column":32},"end":{"line":358,"column":33}},"loc":{"start":{"line":358,"column":44},"end":{"line":358,"column":57}},"line":358},"23":{"name":"(anonymous_23)","decl":{"start":{"line":359,"column":41},"end":{"line":359,"column":42}},"loc":{"start":{"line":359,"column":46},"end":{"line":359,"column":56}},"line":359},"24":{"name":"(anonymous_24)","decl":{"start":{"line":360,"column":30},"end":{"line":360,"column":31}},"loc":{"start":{"line":360,"column":35},"end":{"line":360,"column":47}},"line":360},"25":{"name":"(anonymous_25)","decl":{"start":{"line":361,"column":32},"end":{"line":361,"column":33}},"loc":{"start":{"line":361,"column":37},"end":{"line":361,"column":50}},"line":361},"26":{"name":"(anonymous_26)","decl":{"start":{"line":362,"column":39},"end":{"line":362,"column":40}},"loc":{"start":{"line":362,"column":51},"end":{"line":365,"column":5}},"line":362},"27":{"name":"(anonymous_27)","decl":{"start":{"line":372,"column":8},"end":{"line":372,"column":9}},"loc":{"start":{"line":372,"column":22},"end":{"line":377,"column":1}},"line":372},"28":{"name":"(anonymous_28)","decl":{"start":{"line":380,"column":8},"end":{"line":380,"column":9}},"loc":{"start":{"line":380,"column":33},"end":{"line":387,"column":1}},"line":380},"29":{"name":"(anonymous_29)","decl":{"start":{"line":391,"column":34},"end":{"line":391,"column":35}},"loc":{"start":{"line":391,"column":40},"end":{"line":396,"column":3}},"line":391},"30":{"name":"(anonymous_30)","decl":{"start":{"line":399,"column":24},"end":{"line":399,"column":25}},"loc":{"start":{"line":399,"column":30},"end":{"line":405,"column":3}},"line":399},"31":{"name":"(anonymous_31)","decl":{"start":{"line":401,"column":17},"end":{"line":401,"column":18}},"loc":{"start":{"line":401,"column":23},"end":{"line":404,"column":5}},"line":401}},"branchMap":{"0":{"loc":{"start":{"line":9,"column":13},"end":{"line":9,"column":37}},"type":"binary-expr","locations":[{"start":{"line":9,"column":13},"end":{"line":9,"column":29}},{"start":{"line":9,"column":33},"end":{"line":9,"column":37}}],"line":9},"1":{"loc":{"start":{"line":47,"column":43},"end":{"line":47,"column":70}},"type":"binary-expr","locations":[{"start":{"line":47,"column":43},"end":{"line":47,"column":58}},{"start":{"line":47,"column":62},"end":{"line":47,"column":70}}],"line":47},"2":{"loc":{"start":{"line":48,"column":40},"end":{"line":48,"column":67}},"type":"binary-expr","locations":[{"start":{"line":48,"column":40},"end":{"line":48,"column":55}},{"start":{"line":48,"column":59},"end":{"line":48,"column":67}}],"line":48},"3":{"loc":{"start":{"line":98,"column":17},"end":{"line":98,"column":54}},"type":"binary-expr","locations":[{"start":{"line":98,"column":17},"end":{"line":98,"column":37}},{"start":{"line":98,"column":41},"end":{"line":98,"column":54}}],"line":98},"4":{"loc":{"start":{"line":105,"column":2},"end":{"line":109,"column":3}},"type":"if","locations":[{"start":{"line":105,"column":2},"end":{"line":109,"column":3}},{"start":{"line":107,"column":9},"end":{"line":109,"column":3}}],"line":105},"5":{"loc":{"start":{"line":123,"column":51},"end":{"line":123,"column":59}},"type":"default-arg","locations":[{"start":{"line":123,"column":58},"end":{"line":123,"column":59}}],"line":123},"6":{"loc":{"start":{"line":123,"column":61},"end":{"line":123,"column":71}},"type":"default-arg","locations":[{"start":{"line":123,"column":69},"end":{"line":123,"column":71}}],"line":123},"7":{"loc":{"start":{"line":128,"column":4},"end":{"line":132,"column":5}},"type":"if","locations":[{"start":{"line":128,"column":4},"end":{"line":132,"column":5}},{"start":{},"end":{}}],"line":128},"8":{"loc":{"start":{"line":134,"column":4},"end":{"line":136,"column":5}},"type":"if","locations":[{"start":{"line":134,"column":4},"end":{"line":136,"column":5}},{"start":{},"end":{}}],"line":134},"9":{"loc":{"start":{"line":138,"column":4},"end":{"line":140,"column":5}},"type":"if","locations":[{"start":{"line":138,"column":4},"end":{"line":140,"column":5}},{"start":{},"end":{}}],"line":138},"10":{"loc":{"start":{"line":142,"column":4},"end":{"line":144,"column":5}},"type":"if","locations":[{"start":{"line":142,"column":4},"end":{"line":144,"column":5}},{"start":{},"end":{}}],"line":142},"11":{"loc":{"start":{"line":171,"column":2},"end":{"line":173,"column":3}},"type":"if","locations":[{"start":{"line":171,"column":2},"end":{"line":173,"column":3}},{"start":{},"end":{}}],"line":171},"12":{"loc":{"start":{"line":177,"column":2},"end":{"line":182,"column":3}},"type":"if","locations":[{"start":{"line":177,"column":2},"end":{"line":182,"column":3}},{"start":{},"end":{}}],"line":177},"13":{"loc":{"start":{"line":197,"column":2},"end":{"line":199,"column":3}},"type":"if","locations":[{"start":{"line":197,"column":2},"end":{"line":199,"column":3}},{"start":{},"end":{}}],"line":197},"14":{"loc":{"start":{"line":203,"column":2},"end":{"line":208,"column":3}},"type":"if","locations":[{"start":{"line":203,"column":2},"end":{"line":208,"column":3}},{"start":{},"end":{}}],"line":203},"15":{"loc":{"start":{"line":217,"column":17},"end":{"line":217,"column":43}},"type":"binary-expr","locations":[{"start":{"line":217,"column":17},"end":{"line":217,"column":37}},{"start":{"line":217,"column":41},"end":{"line":217,"column":43}}],"line":217},"16":{"loc":{"start":{"line":240,"column":2},"end":{"line":242,"column":3}},"type":"if","locations":[{"start":{"line":240,"column":2},"end":{"line":242,"column":3}},{"start":{},"end":{}}],"line":240},"17":{"loc":{"start":{"line":246,"column":2},"end":{"line":251,"column":3}},"type":"if","locations":[{"start":{"line":246,"column":2},"end":{"line":251,"column":3}},{"start":{},"end":{}}],"line":246},"18":{"loc":{"start":{"line":278,"column":2},"end":{"line":280,"column":3}},"type":"if","locations":[{"start":{"line":278,"column":2},"end":{"line":280,"column":3}},{"start":{},"end":{}}],"line":278},"19":{"loc":{"start":{"line":284,"column":2},"end":{"line":289,"column":3}},"type":"if","locations":[{"start":{"line":284,"column":2},"end":{"line":289,"column":3}},{"start":{},"end":{}}],"line":284},"20":{"loc":{"start":{"line":293,"column":2},"end":{"line":315,"column":3}},"type":"switch","locations":[{"start":{"line":294,"column":4},"end":{"line":296,"column":12}},{"start":{"line":297,"column":4},"end":{"line":305,"column":12}},{"start":{"line":306,"column":4},"end":{"line":314,"column":12}}],"line":293},"21":{"loc":{"start":{"line":298,"column":6},"end":{"line":303,"column":7}},"type":"if","locations":[{"start":{"line":298,"column":6},"end":{"line":303,"column":7}},{"start":{},"end":{}}],"line":298},"22":{"loc":{"start":{"line":307,"column":6},"end":{"line":312,"column":7}},"type":"if","locations":[{"start":{"line":307,"column":6},"end":{"line":312,"column":7}},{"start":{},"end":{}}],"line":307},"23":{"loc":{"start":{"line":331,"column":2},"end":{"line":333,"column":3}},"type":"if","locations":[{"start":{"line":331,"column":2},"end":{"line":333,"column":3}},{"start":{},"end":{}}],"line":331},"24":{"loc":{"start":{"line":337,"column":2},"end":{"line":342,"column":3}},"type":"if","locations":[{"start":{"line":337,"column":2},"end":{"line":342,"column":3}},{"start":{},"end":{}}],"line":337},"25":{"loc":{"start":{"line":363,"column":25},"end":{"line":363,"column":45}},"type":"binary-expr","locations":[{"start":{"line":363,"column":25},"end":{"line":363,"column":40}},{"start":{"line":363,"column":44},"end":{"line":363,"column":45}}],"line":363},"26":{"loc":{"start":{"line":385,"column":13},"end":{"line":385,"column":77}},"type":"cond-expr","locations":[{"start":{"line":385,"column":54},"end":{"line":385,"column":65}},{"start":{"line":385,"column":68},"end":{"line":385,"column":77}}],"line":385},"27":{"loc":{"start":{"line":390,"column":0},"end":{"line":406,"column":1}},"type":"if","locations":[{"start":{"line":390,"column":0},"end":{"line":406,"column":1}},{"start":{},"end":{}}],"line":390},"28":{"loc":{"start":{"line":395,"column":32},"end":{"line":395,"column":69}},"type":"binary-expr","locations":[{"start":{"line":395,"column":32},"end":{"line":395,"column":52}},{"start":{"line":395,"column":56},"end":{"line":395,"column":69}}],"line":395}},"s":{"0":2,"1":2,"2":2,"3":2,"4":2,"5":2,"6":2,"7":2,"8":2,"9":2,"10":2,"11":2,"12":2,"13":2,"14":2,"15":2,"16":2,"17":2,"18":48,"19":48,"20":48,"21":48,"22":48,"23":48,"24":48,"25":2,"26":2,"27":2,"28":1,"29":2,"30":1,"31":1,"32":0,"33":2,"34":1,"35":1,"36":2,"37":8,"38":8,"39":8,"40":8,"41":2,"42":6,"43":8,"44":1,"45":3,"46":8,"47":1,"48":2,"49":8,"50":1,"51":3,"52":8,"53":8,"54":8,"55":8,"56":0,"57":2,"58":9,"59":9,"60":1,"61":8,"62":27,"63":8,"64":3,"65":5,"66":2,"67":9,"68":9,"69":3,"70":6,"71":15,"72":6,"73":2,"74":4,"75":4,"76":4,"77":2,"78":3,"79":3,"80":0,"81":3,"82":9,"83":3,"84":1,"85":2,"86":2,"87":2,"88":2,"89":9,"90":9,"91":1,"92":8,"93":24,"94":8,"95":0,"96":8,"97":8,"98":3,"99":3,"100":3,"101":1,"102":2,"103":2,"104":2,"105":0,"106":2,"107":2,"108":7,"109":7,"110":2,"111":4,"112":4,"113":0,"114":4,"115":17,"116":4,"117":1,"118":3,"119":3,"120":2,"121":2,"122":7,"123":7,"124":7,"125":7,"126":7,"127":7,"128":7,"129":2,"130":2,"131":1,"132":2,"133":0,"134":0,"135":2,"136":0,"137":0,"138":0,"139":0,"140":0,"141":0,"142":0,"143":0,"144":0,"145":0,"146":2},"f":{"0":48,"1":48,"2":1,"3":1,"4":1,"5":8,"6":6,"7":3,"8":2,"9":3,"10":9,"11":27,"12":9,"13":15,"14":3,"15":9,"16":9,"17":24,"18":4,"19":17,"20":2,"21":7,"22":7,"23":7,"24":7,"25":7,"26":7,"27":1,"28":0,"29":0,"30":0,"31":0},"b":{"0":[2,2],"1":[48,1],"2":[48,1],"3":[1,0],"4":[1,0],"5":[6],"6":[6],"7":[2,6],"8":[1,7],"9":[1,7],"10":[1,7],"11":[1,8],"12":[3,5],"13":[3,6],"14":[2,4],"15":[4,2],"16":[0,3],"17":[1,2],"18":[1,8],"19":[0,8],"20":[3,3,2],"21":[1,2],"22":[0,2],"23":[0,4],"24":[1,3],"25":[7,5],"26":[0,0],"27":[0,2],"28":[0,0]},"_coverageSchema":"1a1c01bbd47fc00a2c39e90264f33305004495a9","hash":"560c1ea21e2cbfbd37f81038feb645370908acf7"}
}
