TN:
SF:.eslintrc.js
FNF:0
FNH:0
DA:1,0
LF:1
LH:0
BRF:0
BRH:0
end_of_record
TN:
SF:app.js
FN:42,(anonymous_0)
FN:45,(anonymous_1)
FN:93,(anonymous_2)
FN:103,(anonymous_3)
FN:113,(anonymous_4)
FN:121,(anonymous_5)
FN:129,(anonymous_6)
FN:135,(anonymous_7)
FN:139,(anonymous_8)
FN:143,(anonymous_9)
FN:169,(anonymous_10)
FN:175,(anonymous_11)
FN:195,(anonymous_12)
FN:202,(anonymous_13)
FN:238,(anonymous_14)
FN:244,(anonymous_15)
FN:276,(anonymous_16)
FN:282,(anonymous_17)
FN:329,(anonymous_18)
FN:335,(anonymous_19)
FN:354,(anonymous_20)
FN:357,(anonymous_21)
FN:358,(anonymous_22)
FN:359,(anonymous_23)
FN:360,(anonymous_24)
FN:361,(anonymous_25)
FN:362,(anonymous_26)
FN:372,(anonymous_27)
FN:380,(anonymous_28)
FN:391,(anonymous_29)
FN:399,(anonymous_30)
FN:401,(anonymous_31)
FNF:32
FNH:28
FNDA:48,(anonymous_0)
FNDA:48,(anonymous_1)
FNDA:1,(anonymous_2)
FNDA:1,(anonymous_3)
FNDA:1,(anonymous_4)
FNDA:8,(anonymous_5)
FNDA:6,(anonymous_6)
FNDA:3,(anonymous_7)
FNDA:2,(anonymous_8)
FNDA:3,(anonymous_9)
FNDA:9,(anonymous_10)
FNDA:27,(anonymous_11)
FNDA:9,(anonymous_12)
FNDA:15,(anonymous_13)
FNDA:3,(anonymous_14)
FNDA:9,(anonymous_15)
FNDA:9,(anonymous_16)
FNDA:24,(anonymous_17)
FNDA:4,(anonymous_18)
FNDA:17,(anonymous_19)
FNDA:2,(anonymous_20)
FNDA:7,(anonymous_21)
FNDA:7,(anonymous_22)
FNDA:7,(anonymous_23)
FNDA:7,(anonymous_24)
FNDA:7,(anonymous_25)
FNDA:7,(anonymous_26)
FNDA:1,(anonymous_27)
FNDA:0,(anonymous_28)
FNDA:0,(anonymous_29)
FNDA:0,(anonymous_30)
FNDA:0,(anonymous_31)
DA:1,2
DA:2,2
DA:3,2
DA:4,2
DA:5,2
DA:6,2
DA:8,2
DA:9,2
DA:12,2
DA:13,2
DA:15,2
DA:22,2
DA:30,2
DA:31,2
DA:32,2
DA:35,2
DA:39,2
DA:42,2
DA:43,48
DA:45,48
DA:46,48
DA:47,48
DA:48,48
DA:50,48
DA:53,48
DA:57,2
DA:90,2
DA:93,2
DA:94,1
DA:103,2
DA:105,1
DA:106,1
DA:108,0
DA:113,2
DA:114,1
DA:115,1
DA:121,2
DA:122,8
DA:123,8
DA:125,8
DA:128,8
DA:129,2
DA:130,6
DA:134,8
DA:135,3
DA:138,8
DA:139,2
DA:142,8
DA:143,3
DA:147,8
DA:148,8
DA:149,8
DA:151,8
DA:162,0
DA:167,2
DA:170,9
DA:171,9
DA:172,1
DA:175,27
DA:177,8
DA:178,3
DA:184,5
DA:188,2
DA:196,9
DA:197,9
DA:198,3
DA:202,15
DA:203,6
DA:204,2
DA:210,4
DA:221,4
DA:223,4
DA:231,2
DA:239,3
DA:240,3
DA:241,0
DA:244,9
DA:246,3
DA:247,1
DA:254,2
DA:262,2
DA:264,2
DA:272,2
DA:277,9
DA:278,9
DA:279,1
DA:282,24
DA:284,8
DA:285,0
DA:291,8
DA:293,8
DA:295,3
DA:296,3
DA:298,3
DA:299,1
DA:304,2
DA:305,2
DA:307,2
DA:308,0
DA:313,2
DA:314,2
DA:317,7
DA:319,7
DA:327,2
DA:330,4
DA:331,4
DA:332,0
DA:335,17
DA:337,4
DA:338,1
DA:344,3
DA:346,3
DA:354,2
DA:355,2
DA:357,7
DA:358,7
DA:359,7
DA:360,7
DA:361,7
DA:363,7
DA:364,7
DA:368,2
DA:372,2
DA:373,1
DA:380,2
DA:381,0
DA:382,0
DA:390,2
DA:391,0
DA:392,0
DA:393,0
DA:394,0
DA:395,0
DA:399,0
DA:400,0
DA:401,0
DA:402,0
DA:403,0
DA:408,2
LF:139
LH:121
BRDA:9,0,0,2
BRDA:9,0,1,2
BRDA:47,1,0,48
BRDA:47,1,1,1
BRDA:48,2,0,48
BRDA:48,2,1,1
BRDA:98,3,0,1
BRDA:98,3,1,0
BRDA:105,4,0,1
BRDA:105,4,1,0
BRDA:123,5,0,6
BRDA:123,6,0,6
BRDA:128,7,0,2
BRDA:128,7,1,6
BRDA:134,8,0,1
BRDA:134,8,1,7
BRDA:138,9,0,1
BRDA:138,9,1,7
BRDA:142,10,0,1
BRDA:142,10,1,7
BRDA:171,11,0,1
BRDA:171,11,1,8
BRDA:177,12,0,3
BRDA:177,12,1,5
BRDA:197,13,0,3
BRDA:197,13,1,6
BRDA:203,14,0,2
BRDA:203,14,1,4
BRDA:217,15,0,4
BRDA:217,15,1,2
BRDA:240,16,0,0
BRDA:240,16,1,3
BRDA:246,17,0,1
BRDA:246,17,1,2
BRDA:278,18,0,1
BRDA:278,18,1,8
BRDA:284,19,0,0
BRDA:284,19,1,8
BRDA:293,20,0,3
BRDA:293,20,1,3
BRDA:293,20,2,2
BRDA:298,21,0,1
BRDA:298,21,1,2
BRDA:307,22,0,0
BRDA:307,22,1,2
BRDA:331,23,0,0
BRDA:331,23,1,4
BRDA:337,24,0,1
BRDA:337,24,1,3
BRDA:363,25,0,7
BRDA:363,25,1,5
BRDA:385,26,0,0
BRDA:385,26,1,0
BRDA:390,27,0,0
BRDA:390,27,1,2
BRDA:395,28,0,0
BRDA:395,28,1,0
BRF:57
BRH:46
end_of_record
